2022-07-30 09:28:22,871 [NonParallelWorker] INFO TideNunitFramework.BaseClass.BaseClass1 - Website Loaded
2022-07-30 09:28:22,893 [NonParallelWorker] INFO TideNunitFramework.BaseClass.BaseClass1 - Clicked on Contact us
2022-07-30 09:28:53,200 [NonParallelWorker] INFO TideNunitFramework.BaseClass.BaseClass1 - Website Loaded
2022-07-30 09:28:53,201 [NonParallelWorker] INFO TideNunitFramework.BaseClass.BaseClass1 - Clicked on Cupons and Rewards
2022-07-30 09:30:14,338 [NonParallelWorker] INFO TideNunitFramework.BaseClass.BaseClass1 - Website Loaded
2022-07-30 09:30:14,340 [NonParallelWorker] INFO TideNunitFramework.BaseClass.BaseClass1 - clicked on website language dropdown
2022-07-30 09:30:38,743 [NonParallelWorker] INFO TideNunitFramework.BaseClass.BaseClass1 - Website Loaded
2022-07-30 09:30:38,745 [NonParallelWorker] INFO TideNunitFramework.BaseClass.BaseClass1 - Clicked on Live chat
2022-07-30 09:31:24,664 [NonParallelWorker] INFO TideNunitFramework.BaseClass.BaseClass1 - Website Loaded
2022-07-30 09:31:24,665 [NonParallelWorker] INFO TideNunitFramework.BaseClass.BaseClass1 - Clicked on Register
2022-07-30 09:31:46,003 [NonParallelWorker] INFO TideNunitFramework.BaseClass.BaseClass1 - Website Loaded
2022-07-30 09:31:46,004 [NonParallelWorker] INFO TideNunitFramework.BaseClass.BaseClass1 - Enter Hygenic Clean Powder in the search Box 
2022-07-30 09:33:57,583 [NonParallelWorker] INFO TideNunitFramework.BaseClass.BaseClass1 - Website Loaded
2022-07-30 09:33:57,597 [NonParallelWorker] INFO TideNunitFramework.BaseClass.BaseClass1 - clicked on our commitment
2022-07-30 09:34:28,736 [NonParallelWorker] INFO TideNunitFramework.BaseClass.BaseClass1 - Website Loaded
2022-07-30 09:34:28,750 [NonParallelWorker] INFO TideNunitFramework.BaseClass.BaseClass1 - clicked on our commitment
2022-07-30 09:36:50,893 [NonParallelWorker] INFO TideNunitFramework.BaseClass.BaseClass1 - Website Loaded
2022-07-30 09:36:50,906 [NonParallelWorker] INFO TideNunitFramework.BaseClass.BaseClass1 - clicked on shop Products
2022-07-30 09:37:21,532 [NonParallelWorker] INFO TideNunitFramework.BaseClass.BaseClass1 - Website Loaded
2022-07-30 09:37:21,543 [NonParallelWorker] INFO TideNunitFramework.BaseClass.BaseClass1 - Click on How to Wash Clothes
2022-07-30 09:38:13,579 [NonParallelWorker] INFO TideNunitFramework.BaseClass.BaseClass1 - Website Loaded
2022-07-30 09:38:13,608 [NonParallelWorker] INFO TideNunitFramework.BaseClass.BaseClass1 - Clicked on Contact us
2022-07-30 09:38:49,525 [NonParallelWorker] INFO TideNunitFramework.BaseClass.BaseClass1 - Website Loaded
2022-07-30 09:38:49,526 [NonParallelWorker] INFO TideNunitFramework.BaseClass.BaseClass1 - Clicked on Cupons and Rewards
2022-07-30 09:39:12,972 [NonParallelWorker] INFO TideNunitFramework.BaseClass.BaseClass1 - Website Loaded
2022-07-30 09:39:12,973 [NonParallelWorker] INFO TideNunitFramework.BaseClass.BaseClass1 - clicked on our commitment
2022-07-30 09:39:27,155 [NonParallelWorker] INFO TideNunitFramework.BaseClass.BaseClass1 - Website Loaded
2022-07-30 09:39:27,156 [NonParallelWorker] INFO TideNunitFramework.BaseClass.BaseClass1 - clicked on website language dropdown
2022-07-30 09:39:36,765 [NonParallelWorker] INFO TideNunitFramework.BaseClass.BaseClass1 - Website Loaded
2022-07-30 09:39:36,765 [NonParallelWorker] INFO TideNunitFramework.BaseClass.BaseClass1 - Clicked on Live chat
2022-07-30 09:40:21,108 [NonParallelWorker] INFO TideNunitFramework.BaseClass.BaseClass1 - Website Loaded
2022-07-30 09:40:21,109 [NonParallelWorker] INFO TideNunitFramework.BaseClass.BaseClass1 - Clicked on Register
2022-07-30 09:40:48,719 [NonParallelWorker] INFO TideNunitFramework.BaseClass.BaseClass1 - Website Loaded
2022-07-30 09:40:48,720 [NonParallelWorker] INFO TideNunitFramework.BaseClass.BaseClass1 - Enter Hygenic Clean Powder in the search Box 
2022-07-30 09:46:03,950 [NonParallelWorker] INFO TideNunitFramework.BaseClass.BaseClass1 - Website Loaded
2022-07-30 09:46:03,959 [NonParallelWorker] INFO TideNunitFramework.BaseClass.BaseClass1 - Clicked on Contact us
2022-07-30 09:46:23,414 [NonParallelWorker] INFO TideNunitFramework.BaseClass.BaseClass1 - Website Loaded
2022-07-30 09:46:23,416 [NonParallelWorker] INFO TideNunitFramework.BaseClass.BaseClass1 - Clicked on Cupons and Rewards
2022-07-30 09:46:44,413 [NonParallelWorker] INFO TideNunitFramework.BaseClass.BaseClass1 - Website Loaded
2022-07-30 09:46:44,414 [NonParallelWorker] INFO TideNunitFramework.BaseClass.BaseClass1 - clicked on our commitment
2022-07-30 09:47:00,566 [NonParallelWorker] INFO TideNunitFramework.BaseClass.BaseClass1 - Website Loaded
2022-07-30 09:47:00,566 [NonParallelWorker] INFO TideNunitFramework.BaseClass.BaseClass1 - clicked on website language dropdown
2022-07-30 09:47:10,038 [NonParallelWorker] INFO TideNunitFramework.BaseClass.BaseClass1 - Website Loaded
2022-07-30 09:47:10,039 [NonParallelWorker] INFO TideNunitFramework.BaseClass.BaseClass1 - Clicked on Live chat
2022-07-30 09:47:50,499 [NonParallelWorker] INFO TideNunitFramework.BaseClass.BaseClass1 - Website Loaded
2022-07-30 09:47:50,499 [NonParallelWorker] INFO TideNunitFramework.BaseClass.BaseClass1 - Clicked on Register
2022-07-30 09:48:00,332 [NonParallelWorker] INFO TideNunitFramework.BaseClass.BaseClass1 - Website Loaded
2022-07-30 09:48:00,332 [NonParallelWorker] INFO TideNunitFramework.BaseClass.BaseClass1 - Enter Hygenic Clean Powder in the search Box 
2022-07-30 09:55:15,609 [NonParallelWorker] INFO TideNunitFramework.BaseClass.BaseClass1 - Website Loaded
2022-07-30 09:55:15,623 [NonParallelWorker] INFO TideNunitFramework.BaseClass.BaseClass1 - Clicked on Contact us
2022-07-30 09:55:33,382 [NonParallelWorker] INFO TideNunitFramework.BaseClass.BaseClass1 - Website Loaded
2022-07-30 09:55:33,383 [NonParallelWorker] INFO TideNunitFramework.BaseClass.BaseClass1 - Clicked on Cupons and Rewards
2022-07-30 09:56:13,366 [NonParallelWorker] INFO TideNunitFramework.BaseClass.BaseClass1 - Website Loaded
2022-07-30 09:56:13,367 [NonParallelWorker] INFO TideNunitFramework.BaseClass.BaseClass1 - clicked on website language dropdown
2022-07-30 09:56:28,329 [NonParallelWorker] INFO TideNunitFramework.BaseClass.BaseClass1 - Website Loaded
2022-07-30 09:56:28,330 [NonParallelWorker] INFO TideNunitFramework.BaseClass.BaseClass1 - Clicked on Live chat
2022-07-30 09:56:59,960 [NonParallelWorker] INFO TideNunitFramework.BaseClass.BaseClass1 - Website Loaded
2022-07-30 09:56:59,960 [NonParallelWorker] INFO TideNunitFramework.BaseClass.BaseClass1 - Clicked on Register
2022-07-30 09:57:13,661 [NonParallelWorker] INFO TideNunitFramework.BaseClass.BaseClass1 - Website Loaded
2022-07-30 09:57:13,661 [NonParallelWorker] INFO TideNunitFramework.BaseClass.BaseClass1 - Enter Hygenic Clean Powder in the search Box 
2022-07-30 10:00:07,039 [NonParallelWorker] INFO TideNunitFramework.BaseClass.BaseClass1 - Website Loaded
2022-07-30 10:00:07,051 [NonParallelWorker] INFO TideNunitFramework.BaseClass.BaseClass1 - clicked on our commitment
2022-07-30 10:00:52,803 [NonParallelWorker] INFO TideNunitFramework.BaseClass.BaseClass1 - Website Loaded
2022-07-30 10:00:52,815 [NonParallelWorker] INFO TideNunitFramework.BaseClass.BaseClass1 - clicked on our commitment
2022-07-30 10:01:27,500 [NonParallelWorker] INFO TideNunitFramework.BaseClass.BaseClass1 - Website Loaded
2022-07-30 10:01:27,521 [NonParallelWorker] INFO TideNunitFramework.BaseClass.BaseClass1 - clicked on shop Products
2022-07-30 10:02:07,862 [NonParallelWorker] INFO TideNunitFramework.BaseClass.BaseClass1 - Website Loaded
2022-07-30 10:02:07,873 [NonParallelWorker] INFO TideNunitFramework.BaseClass.BaseClass1 - Click on How to Wash Clothes
2022-07-30 10:02:54,778 [NonParallelWorker] INFO TideNunitFramework.BaseClass.BaseClass1 - Website Loaded
2022-07-30 10:02:54,828 [NonParallelWorker] INFO TideNunitFramework.BaseClass.BaseClass1 - Clicked on Contact us
2022-07-30 10:03:16,653 [NonParallelWorker] INFO TideNunitFramework.BaseClass.BaseClass1 - Website Loaded
2022-07-30 10:03:16,661 [NonParallelWorker] INFO TideNunitFramework.BaseClass.BaseClass1 - Clicked on Cupons and Rewards
2022-07-30 10:03:43,003 [NonParallelWorker] INFO TideNunitFramework.BaseClass.BaseClass1 - Website Loaded
2022-07-30 10:03:43,004 [NonParallelWorker] INFO TideNunitFramework.BaseClass.BaseClass1 - clicked on our commitment
2022-07-30 10:03:57,988 [NonParallelWorker] INFO TideNunitFramework.BaseClass.BaseClass1 - Website Loaded
2022-07-30 10:03:57,988 [NonParallelWorker] INFO TideNunitFramework.BaseClass.BaseClass1 - clicked on website language dropdown
2022-07-30 10:04:13,146 [NonParallelWorker] INFO TideNunitFramework.BaseClass.BaseClass1 - Website Loaded
2022-07-30 10:04:13,146 [NonParallelWorker] INFO TideNunitFramework.BaseClass.BaseClass1 - Clicked on Live chat
2022-07-30 10:04:43,435 [NonParallelWorker] INFO TideNunitFramework.BaseClass.BaseClass1 - Website Loaded
2022-07-30 10:04:43,435 [NonParallelWorker] INFO TideNunitFramework.BaseClass.BaseClass1 - Clicked on Register
2022-07-30 10:05:10,754 [NonParallelWorker] INFO TideNunitFramework.BaseClass.BaseClass1 - Website Loaded
2022-07-30 10:05:10,754 [NonParallelWorker] INFO TideNunitFramework.BaseClass.BaseClass1 - Enter Hygenic Clean Powder in the search Box 
2022-07-30 10:05:48,980 [NonParallelWorker] INFO TideNunitFramework.BaseClass.BaseClass1 - Website Loaded
2022-07-30 10:05:48,983 [NonParallelWorker] INFO TideNunitFramework.BaseClass.BaseClass1 - Click on How to Wash Clothes
2022-07-30 10:09:17,927 [NonParallelWorker] INFO TideNunitFramework.BaseClass.BaseClass1 - Website Loaded
2022-07-30 10:09:17,937 [NonParallelWorker] INFO TideNunitFramework.BaseClass.BaseClass1 - Clicked on Contact us
2022-07-30 10:09:36,159 [NonParallelWorker] INFO TideNunitFramework.BaseClass.BaseClass1 - Website Loaded
2022-07-30 10:09:36,160 [NonParallelWorker] INFO TideNunitFramework.BaseClass.BaseClass1 - Clicked on Cupons and Rewards
2022-07-30 10:10:15,474 [NonParallelWorker] INFO TideNunitFramework.BaseClass.BaseClass1 - Website Loaded
2022-07-30 10:10:15,476 [NonParallelWorker] INFO TideNunitFramework.BaseClass.BaseClass1 - clicked on website language dropdown
2022-07-30 10:10:30,912 [NonParallelWorker] INFO TideNunitFramework.BaseClass.BaseClass1 - Website Loaded
2022-07-30 10:10:30,912 [NonParallelWorker] INFO TideNunitFramework.BaseClass.BaseClass1 - Clicked on Live chat
2022-07-30 10:10:48,246 [NonParallelWorker] INFO TideNunitFramework.BaseClass.BaseClass1 - Website Loaded
2022-07-30 10:10:48,246 [NonParallelWorker] INFO TideNunitFramework.BaseClass.BaseClass1 - clicked on our commitment
2022-07-30 10:11:18,430 [NonParallelWorker] INFO TideNunitFramework.BaseClass.BaseClass1 - Website Loaded
2022-07-30 10:11:18,431 [NonParallelWorker] INFO TideNunitFramework.BaseClass.BaseClass1 - Clicked on Register
2022-07-30 10:11:32,240 [NonParallelWorker] INFO TideNunitFramework.BaseClass.BaseClass1 - Website Loaded
2022-07-30 10:11:32,241 [NonParallelWorker] INFO TideNunitFramework.BaseClass.BaseClass1 - Enter Hygenic Clean Powder in the search Box 
2022-07-30 10:12:11,636 [NonParallelWorker] INFO TideNunitFramework.BaseClass.BaseClass1 - Website Loaded
2022-07-30 10:12:11,637 [NonParallelWorker] INFO TideNunitFramework.BaseClass.BaseClass1 - Click on How to Wash Clothes
2022-07-30 10:14:06,877 [NonParallelWorker] INFO TideNunitFramework.BaseClass.BaseClass1 - Website Loaded
2022-07-30 10:14:06,889 [NonParallelWorker] INFO TideNunitFramework.BaseClass.BaseClass1 - Clicked on Contact us
2022-07-30 10:14:24,975 [NonParallelWorker] INFO TideNunitFramework.BaseClass.BaseClass1 - Website Loaded
2022-07-30 10:14:24,976 [NonParallelWorker] INFO TideNunitFramework.BaseClass.BaseClass1 - Clicked on Cupons and Rewards
2022-07-30 10:14:53,019 [NonParallelWorker] INFO TideNunitFramework.BaseClass.BaseClass1 - Website Loaded
2022-07-30 10:14:53,019 [NonParallelWorker] INFO TideNunitFramework.BaseClass.BaseClass1 - clicked on our commitment
2022-07-30 10:15:08,272 [NonParallelWorker] INFO TideNunitFramework.BaseClass.BaseClass1 - Website Loaded
2022-07-30 10:15:08,272 [NonParallelWorker] INFO TideNunitFramework.BaseClass.BaseClass1 - clicked on website language dropdown
2022-07-30 10:15:23,139 [NonParallelWorker] INFO TideNunitFramework.BaseClass.BaseClass1 - Website Loaded
2022-07-30 10:15:23,139 [NonParallelWorker] INFO TideNunitFramework.BaseClass.BaseClass1 - Clicked on Live chat
2022-07-30 10:15:46,449 [NonParallelWorker] INFO TideNunitFramework.BaseClass.BaseClass1 - Website Loaded
2022-07-30 10:15:46,449 [NonParallelWorker] INFO TideNunitFramework.BaseClass.BaseClass1 - clicked on our commitment
2022-07-30 10:16:03,353 [NonParallelWorker] INFO TideNunitFramework.BaseClass.BaseClass1 - Website Loaded
2022-07-30 10:16:03,353 [NonParallelWorker] INFO TideNunitFramework.BaseClass.BaseClass1 - Clicked on Register
2022-07-30 10:16:17,621 [NonParallelWorker] INFO TideNunitFramework.BaseClass.BaseClass1 - Website Loaded
2022-07-30 10:16:17,621 [NonParallelWorker] INFO TideNunitFramework.BaseClass.BaseClass1 - Enter Hygenic Clean Powder in the search Box 
2022-07-30 10:16:41,558 [NonParallelWorker] INFO TideNunitFramework.BaseClass.BaseClass1 - Website Loaded
2022-07-30 10:16:41,559 [NonParallelWorker] INFO TideNunitFramework.BaseClass.BaseClass1 - clicked on shop Products
2022-07-30 10:17:02,919 [NonParallelWorker] INFO TideNunitFramework.BaseClass.BaseClass1 - Website Loaded
2022-07-30 10:17:02,919 [NonParallelWorker] INFO TideNunitFramework.BaseClass.BaseClass1 - Click on How to Wash Clothes
2022-07-30 10:43:31,495 [NonParallelWorker] INFO TideNunitFramework.BaseClass.BaseClass1 - Website Loaded
2022-07-30 10:43:31,507 [NonParallelWorker] INFO TideNunitFramework.BaseClass.BaseClass1 - Clicked on Contact us
2022-07-30 10:44:24,609 [NonParallelWorker] INFO TideNunitFramework.BaseClass.BaseClass1 - Website Loaded
2022-07-30 10:44:24,621 [NonParallelWorker] INFO TideNunitFramework.BaseClass.BaseClass1 - Clicked on Contact us
2022-07-30 10:44:44,480 [NonParallelWorker] INFO TideNunitFramework.BaseClass.BaseClass1 - Website Loaded
2022-07-30 10:44:44,480 [NonParallelWorker] INFO TideNunitFramework.BaseClass.BaseClass1 - Clicked on Cupons and Rewards
2022-07-30 10:45:16,340 [NonParallelWorker] INFO TideNunitFramework.BaseClass.BaseClass1 - Website Loaded
2022-07-30 10:45:16,340 [NonParallelWorker] INFO TideNunitFramework.BaseClass.BaseClass1 - clicked on our commitment
2022-07-30 10:45:35,643 [NonParallelWorker] INFO TideNunitFramework.BaseClass.BaseClass1 - Website Loaded
2022-07-30 10:45:35,644 [NonParallelWorker] INFO TideNunitFramework.BaseClass.BaseClass1 - clicked on website language dropdown
2022-07-30 10:45:55,078 [NonParallelWorker] INFO TideNunitFramework.BaseClass.BaseClass1 - Website Loaded
2022-07-30 10:45:55,078 [NonParallelWorker] INFO TideNunitFramework.BaseClass.BaseClass1 - Clicked on Live chat
2022-07-30 10:46:28,110 [NonParallelWorker] INFO TideNunitFramework.BaseClass.BaseClass1 - Website Loaded
2022-07-30 10:46:28,111 [NonParallelWorker] INFO TideNunitFramework.BaseClass.BaseClass1 - clicked on our commitment
2022-07-30 10:47:13,097 [NonParallelWorker] INFO TideNunitFramework.BaseClass.BaseClass1 - Website Loaded
2022-07-30 10:47:13,097 [NonParallelWorker] INFO TideNunitFramework.BaseClass.BaseClass1 - Enter Hygenic Clean Powder in the search Box 
2022-07-30 10:47:44,792 [NonParallelWorker] INFO TideNunitFramework.BaseClass.BaseClass1 - Website Loaded
2022-07-30 10:47:44,792 [NonParallelWorker] INFO TideNunitFramework.BaseClass.BaseClass1 - clicked on shop Products
2022-07-30 10:48:15,334 [NonParallelWorker] INFO TideNunitFramework.BaseClass.BaseClass1 - Website Loaded
2022-07-30 10:48:15,334 [NonParallelWorker] INFO TideNunitFramework.BaseClass.BaseClass1 - Click on How to Wash Clothes
2022-07-30 10:52:23,551 [NonParallelWorker] INFO TideNunitFramework.BaseClass.BaseClass1 - Website Loaded
2022-07-30 10:52:23,562 [NonParallelWorker] INFO TideNunitFramework.BaseClass.BaseClass1 - Clicked on Register
2022-07-30 10:53:15,046 [NonParallelWorker] INFO TideNunitFramework.BaseClass.BaseClass1 - Website Loaded
2022-07-30 10:53:15,057 [NonParallelWorker] INFO TideNunitFramework.BaseClass.BaseClass1 - Clicked on Contact us
2022-07-30 10:53:33,879 [NonParallelWorker] INFO TideNunitFramework.BaseClass.BaseClass1 - Website Loaded
2022-07-30 10:53:33,879 [NonParallelWorker] INFO TideNunitFramework.BaseClass.BaseClass1 - Clicked on Cupons and Rewards
2022-07-30 10:54:06,487 [NonParallelWorker] INFO TideNunitFramework.BaseClass.BaseClass1 - Website Loaded
2022-07-30 10:54:06,488 [NonParallelWorker] INFO TideNunitFramework.BaseClass.BaseClass1 - clicked on our commitment
2022-07-30 10:54:28,245 [NonParallelWorker] INFO TideNunitFramework.BaseClass.BaseClass1 - Website Loaded
2022-07-30 10:54:28,246 [NonParallelWorker] INFO TideNunitFramework.BaseClass.BaseClass1 - clicked on website language dropdown
2022-07-30 10:54:48,029 [NonParallelWorker] INFO TideNunitFramework.BaseClass.BaseClass1 - Website Loaded
2022-07-30 10:54:48,029 [NonParallelWorker] INFO TideNunitFramework.BaseClass.BaseClass1 - Clicked on Live chat
2022-07-30 10:55:34,568 [NonParallelWorker] INFO TideNunitFramework.BaseClass.BaseClass1 - Website Loaded
2022-07-30 10:55:34,569 [NonParallelWorker] INFO TideNunitFramework.BaseClass.BaseClass1 - clicked on our commitment
2022-07-30 10:55:59,234 [NonParallelWorker] INFO TideNunitFramework.BaseClass.BaseClass1 - Website Loaded
2022-07-30 10:55:59,234 [NonParallelWorker] INFO TideNunitFramework.BaseClass.BaseClass1 - Clicked on Register
2022-07-30 10:56:13,973 [NonParallelWorker] INFO TideNunitFramework.BaseClass.BaseClass1 - Website Loaded
2022-07-30 10:56:13,973 [NonParallelWorker] INFO TideNunitFramework.BaseClass.BaseClass1 - Enter Hygenic Clean Powder in the search Box 
2022-07-30 10:56:45,828 [NonParallelWorker] INFO TideNunitFramework.BaseClass.BaseClass1 - Website Loaded
2022-07-30 10:56:45,829 [NonParallelWorker] INFO TideNunitFramework.BaseClass.BaseClass1 - clicked on shop Products
2022-07-30 10:57:30,824 [NonParallelWorker] INFO TideNunitFramework.BaseClass.BaseClass1 - Website Loaded
2022-07-30 10:57:30,825 [NonParallelWorker] INFO TideNunitFramework.BaseClass.BaseClass1 - Click on How to Wash Clothes
